Encontrados 3418 grupos de artigos exatamente duplicados (título + edição). Iniciando consolidação...
Lote 1/35 finalizado. Deletados: Artigos (186) | Posts (186)
Lote 2/35 finalizado. Deletados: Artigos (366) | Posts (366)
Lote 3/35 finalizado. Deletados: Artigos (542) | Posts (542)
Lote 4/35 finalizado. Deletados: Artigos (720) | Posts (720)
Lote 5/35 finalizado. Deletados: Artigos (890) | Posts (890)
Lote 6/35 finalizado. Deletados: Artigos (1068) | Posts (1068)
Lote 7/35 finalizado. Deletados: Artigos (1243) | Posts (1243)
Lote 8/35 finalizado. Deletados: Artigos (1417) | Posts (1417)
Lote 9/35 finalizado. Deletados: Artigos (1591) | Posts (1591)
Lote 10/35 finalizado. Deletados: Artigos (1749) | Posts (1749)
Lote 11/35 finalizado. Deletados: Artigos (1914) | Posts (1914)
Lote 12/35 finalizado. Deletados: Artigos (2083) | Posts (2083)
Lote 13/35 finalizado. Deletados: Artigos (2275) | Posts (2275)
Lote 14/35 finalizado. Deletados: Artigos (2440) | Posts (2440)
Lote 15/35 finalizado. Deletados: Artigos (2613) | Posts (2613)
Lote 16/35 finalizado. Deletados: Artigos (2790) | Posts (2790)
Lote 17/35 finalizado. Deletados: Artigos (2958) | Posts (2958)
Lote 18/35 finalizado. Deletados: Artigos (3112) | Posts (3112)
Lote 19/35 finalizado. Deletados: Artigos (3280) | Posts (3280)
Lote 20/35 finalizado. Deletados: Artigos (3460) | Posts (3460)
Lote 21/35 finalizado. Deletados: Artigos (3634) | Posts (3634)
Lote 22/35 finalizado. Deletados: Artigos (3816) | Posts (3816)
Lote 23/35 finalizado. Deletados: Artigos (3999) | Posts (3999)
Lote 24/35 finalizado. Deletados: Artigos (4166) | Posts (4166)
Lote 25/35 finalizado. Deletados: Artigos (4329) | Posts (4329)
Lote 26/35 finalizado. Deletados: Artigos (4519) | Posts (4519)
Lote 27/35 finalizado. Deletados: Artigos (4709) | Posts (4709)
Lote 28/35 finalizado. Deletados: Artigos (4880) | Posts (4880)
Lote 29/35 finalizado. Deletados: Artigos (5056) | Posts (5056)
Lote 30/35 finalizado. Deletados: Artigos (5213) | Posts (5213)
Lote 31/35 finalizado. Deletados: Artigos (5380) | Posts (5380)
Lote 32/35 finalizado. Deletados: Artigos (5572) | Posts (5572)
Lote 33/35 finalizado. Deletados: Artigos (5743) | Posts (5743)
Lote 34/35 finalizado. Deletados: Artigos (5909) | Posts (5909)
Lote 35/35 finalizado. Deletados: Artigos (5938) | Posts (5938)

==================================
Conclusão da Consolidação:
-> Total geral de Artigos deletados: 5938
-> Total geral de Postagens-clones deletadas: 5938
==================================
